<?xml version="1.0" encoding="UTF-8" ?>
<testsuite failures="0" time="0.01" errors="0" skipped="0" tests="12" name="org.jasig.cas.client.configuration.WebXmlConfigurationStrategyImplTests">
  <properties>
    <property name="java.runtime.name" value="Java(TM) SE Runtime Environment"/>
    <property name="sun.boot.library.path" value="D:\EW\Java\jdk1.7.0_79\jre\bin"/>
    <property name="java.vm.version" value="24.79-b02"/>
    <property name="java.vm.vendor" value="Oracle Corporation"/>
    <property name="java.vendor.url" value="http://java.oracle.com/"/>
    <property name="path.separator" value=";"/>
    <property name="java.vm.name" value="Java HotSpot(TM) 64-Bit Server VM"/>
    <property name="file.encoding.pkg" value="sun.io"/>
    <property name="user.script" value=""/>
    <property name="user.country" value="DE"/>
    <property name="sun.java.launcher" value="SUN_STANDARD"/>
    <property name="sun.os.patch.level" value="Service Pack 1"/>
    <property name="java.vm.specification.name" value="Java Virtual Machine Specification"/>
    <property name="user.dir" value="D:\UserData\Projekte\AcenticCAS\Client\CasClient\cas-client-core"/>
    <property name="java.runtime.version" value="1.7.0_79-b15"/>
    <property name="java.awt.graphicsenv" value="sun.awt.Win32GraphicsEnvironment"/>
    <property name="basedir" value="D:\UserData\Projekte\AcenticCAS\Client\CasClient\cas-client-core"/>
    <property name="java.endorsed.dirs" value="D:\EW\Java\jdk1.7.0_79\jre\lib\endorsed"/>
    <property name="os.arch" value="amd64"/>
    <property name="surefire.real.class.path" value="C:\Users\uhansen\AppData\Local\Temp\surefirebooter399063989890272842.jar"/>
    <property name="java.io.tmpdir" value="C:\Users\uhansen\AppData\Local\Temp\"/>
    <property name="line.separator" value="
"/>
    <property name="java.vm.specification.vendor" value="Oracle Corporation"/>
    <property name="user.variant" value=""/>
    <property name="os.name" value="Windows 7"/>
    <property name="maven.ext.class.path" value="C:\Program Files\NetBeans 8.2\java\maven-nblib\netbeans-eventspy.jar"/>
    <property name="sun.jnu.encoding" value="Cp1252"/>
    <property name="artifactParameterName" value="parameter"/>
    <property name="java.library.path" value="D:\EW\Java\jdk1.7.0_79\jre\bin;C:\Windows\Sun\Java\bin;C:\Windows\system32;C:\Windows;C:\ProgramData\Oracle\Java\javapath;D:\EW\MySQL\mysql-5.6.26-winx64\bin;D:\EW\Maven\apache-maven-3.2.5\bin;D:\EW\Java\jdk1.7.0_79\jre\bin;C:\Program Files\Common Files\Microsoft Shared\Windows Live;C:\Program Files (x86)\Common Files\Microsoft Shared\Windows Live;C:\Program Files (x86)\Intel\iCLS Client\;C:\Program Files\Intel\iCLS Client\;C:\Windows\system32;C:\Windows;C:\Windows\System32\Wbem;C:\Windows\System32\WindowsPowerShell\v1.0\;C:\Program Files\Dell\Dell Data Protection\Access\Advanced\Wave\Gemalto\Access Client\v5\;C:\Program Files (x86)\NTRU Cryptosystems\NTRU TCG Software Stack\bin\;C:\Program Files\NTRU Cryptosystems\NTRU TCG Software Stack\bin\;C:\Program Files\Intel\Intel(R) Management Engine Components\DAL;C:\Program Files\Intel\Intel(R) Management Engine Components\IPT;C:\Program Files (x86)\Intel\Intel(R) Management Engine Components\DAL;C:\Program Files (x86)\Intel\Intel(R) Management Engine Components\IPT;C:\Program Files (x86)\Windows Live\Shared;C:\Program Files (x86)\Common Files\Autodesk Shared\;E:\Programme (x86)\doxygen\bin;E:\Programme (x86)\Mscgen;C:\Program Files\Calibre2\;C:\Program Files\TortoiseSVN\bin;C:\Program Files\Amazon\AWSCLI\;C:\Program Files (x86)\Skype\Phone\;C:\Program Files (x86)\Google\Chrome\Application;C:\Program Files (x86)\AVG\AVG9;C:\Users\uhansen\AppData\Local\Programs\Git\cmd;."/>
    <property name="surefire.test.class.path" value="D:\UserData\Projekte\AcenticCAS\Client\CasClient\cas-client-core\target\test-classes;D:\UserData\Projekte\AcenticCAS\Client\CasClient\cas-client-core\target\classes;D:\UserData\.m2\repository\xml-security\xmlsec\1.3.0\xmlsec-1.3.0.jar;D:\UserData\.m2\repository\commons-codec\commons-codec\1.4\commons-codec-1.4.jar;D:\UserData\.m2\repository\org\springframework\spring-beans\3.1.3.RELEASE\spring-beans-3.1.3.RELEASE.jar;D:\UserData\.m2\repository\org\springframework\spring-test\3.1.3.RELEASE\spring-test-3.1.3.RELEASE.jar;D:\UserData\.m2\repository\org\springframework\spring-core\3.1.3.RELEASE\spring-core-3.1.3.RELEASE.jar;D:\UserData\.m2\repository\org\springframework\spring-asm\3.1.3.RELEASE\spring-asm-3.1.3.RELEASE.jar;D:\UserData\.m2\repository\org\springframework\spring-context\3.1.3.RELEASE\spring-context-3.1.3.RELEASE.jar;D:\UserData\.m2\repository\org\springframework\spring-aop\3.1.3.RELEASE\spring-aop-3.1.3.RELEASE.jar;D:\UserData\.m2\repository\aopalliance\aopalliance\1.0\aopalliance-1.0.jar;D:\UserData\.m2\repository\org\springframework\spring-expression\3.1.3.RELEASE\spring-expression-3.1.3.RELEASE.jar;D:\UserData\.m2\repository\log4j\log4j\1.2.15\log4j-1.2.15.jar;D:\UserData\.m2\repository\javax\mail\mail\1.4\mail-1.4.jar;D:\UserData\.m2\repository\javax\activation\activation\1.1\activation-1.1.jar;D:\UserData\.m2\repository\junit\junit\4.8.2\junit-4.8.2.jar;D:\UserData\.m2\repository\org\slf4j\slf4j-api\1.7.1\slf4j-api-1.7.1.jar;D:\UserData\.m2\repository\javax\servlet\javax.servlet-api\3.0.1\javax.servlet-api-3.0.1.jar;D:\UserData\.m2\repository\org\slf4j\jcl-over-slf4j\1.7.1\jcl-over-slf4j-1.7.1.jar;D:\UserData\.m2\repository\org\slf4j\slf4j-simple\1.7.1\slf4j-simple-1.7.1.jar;"/>
    <property name="java.specification.name" value="Java Platform API Specification"/>
    <property name="java.class.version" value="51.0"/>
    <property name="sun.management.compiler" value="HotSpot 64-Bit Tiered Compilers"/>
    <property name="os.version" value="6.1"/>
    <property name="user.home" value="D:\UserData"/>
    <property name="user.timezone" value="Europe/Berlin"/>
    <property name="java.awt.printerjob" value="sun.awt.windows.WPrinterJob"/>
    <property name="java.specification.version" value="1.7"/>
    <property name="file.encoding" value="UTF-8"/>
    <property name="user.name" value="uhansen"/>
    <property name="java.class.path" value="D:\UserData\Projekte\AcenticCAS\Client\CasClient\cas-client-core\target\test-classes;D:\UserData\Projekte\AcenticCAS\Client\CasClient\cas-client-core\target\classes;D:\UserData\.m2\repository\xml-security\xmlsec\1.3.0\xmlsec-1.3.0.jar;D:\UserData\.m2\repository\commons-codec\commons-codec\1.4\commons-codec-1.4.jar;D:\UserData\.m2\repository\org\springframework\spring-beans\3.1.3.RELEASE\spring-beans-3.1.3.RELEASE.jar;D:\UserData\.m2\repository\org\springframework\spring-test\3.1.3.RELEASE\spring-test-3.1.3.RELEASE.jar;D:\UserData\.m2\repository\org\springframework\spring-core\3.1.3.RELEASE\spring-core-3.1.3.RELEASE.jar;D:\UserData\.m2\repository\org\springframework\spring-asm\3.1.3.RELEASE\spring-asm-3.1.3.RELEASE.jar;D:\UserData\.m2\repository\org\springframework\spring-context\3.1.3.RELEASE\spring-context-3.1.3.RELEASE.jar;D:\UserData\.m2\repository\org\springframework\spring-aop\3.1.3.RELEASE\spring-aop-3.1.3.RELEASE.jar;D:\UserData\.m2\repository\aopalliance\aopalliance\1.0\aopalliance-1.0.jar;D:\UserData\.m2\repository\org\springframework\spring-expression\3.1.3.RELEASE\spring-expression-3.1.3.RELEASE.jar;D:\UserData\.m2\repository\log4j\log4j\1.2.15\log4j-1.2.15.jar;D:\UserData\.m2\repository\javax\mail\mail\1.4\mail-1.4.jar;D:\UserData\.m2\repository\javax\activation\activation\1.1\activation-1.1.jar;D:\UserData\.m2\repository\junit\junit\4.8.2\junit-4.8.2.jar;D:\UserData\.m2\repository\org\slf4j\slf4j-api\1.7.1\slf4j-api-1.7.1.jar;D:\UserData\.m2\repository\javax\servlet\javax.servlet-api\3.0.1\javax.servlet-api-3.0.1.jar;D:\UserData\.m2\repository\org\slf4j\jcl-over-slf4j\1.7.1\jcl-over-slf4j-1.7.1.jar;D:\UserData\.m2\repository\org\slf4j\slf4j-simple\1.7.1\slf4j-simple-1.7.1.jar;"/>
    <property name="java.vm.specification.version" value="1.7"/>
    <property name="sun.arch.data.model" value="64"/>
    <property name="java.home" value="D:\EW\Java\jdk1.7.0_79\jre"/>
    <property name="sun.java.command" value="C:\Users\uhansen\AppData\Local\Temp\surefirebooter399063989890272842.jar C:\Users\uhansen\AppData\Local\Temp\surefire8549276249262300854tmp C:\Users\uhansen\AppData\Local\Temp\surefire6995554940701735850tmp"/>
    <property name="java.specification.vendor" value="Oracle Corporation"/>
    <property name="user.language" value="de"/>
    <property name="awt.toolkit" value="sun.awt.windows.WToolkit"/>
    <property name="java.vm.info" value="mixed mode"/>
    <property name="java.version" value="1.7.0_79"/>
    <property name="java.ext.dirs" value="D:\EW\Java\jdk1.7.0_79\jre\lib\ext;C:\Windows\Sun\Java\lib\ext"/>
    <property name="sun.boot.class.path" value="D:\EW\Java\jdk1.7.0_79\jre\lib\resources.jar;D:\EW\Java\jdk1.7.0_79\jre\lib\rt.jar;D:\EW\Java\jdk1.7.0_79\jre\lib\sunrsasign.jar;D:\EW\Java\jdk1.7.0_79\jre\lib\jsse.jar;D:\EW\Java\jdk1.7.0_79\jre\lib\jce.jar;D:\EW\Java\jdk1.7.0_79\jre\lib\charsets.jar;D:\EW\Java\jdk1.7.0_79\jre\lib\jfr.jar;D:\EW\Java\jdk1.7.0_79\jre\classes"/>
    <property name="java.vendor" value="Oracle Corporation"/>
    <property name="localRepository" value="D:\UserData\.m2\repository"/>
    <property name="file.separator" value="\"/>
    <property name="java.vendor.url.bug" value="http://bugreport.sun.com/bugreport/"/>
    <property name="sun.cpu.endian" value="little"/>
    <property name="sun.io.unicode.encoding" value="UnicodeLittle"/>
    <property name="sun.desktop" value="windows"/>
    <property name="sun.cpu.isalist" value="amd64"/>
  </properties>
  <testcase time="0.001" classname="org.jasig.cas.client.configuration.WebXmlConfigurationStrategyImplTests" name="noKeyFoundGetDefaultForBoolean"/>
  <testcase time="0" classname="org.jasig.cas.client.configuration.WebXmlConfigurationStrategyImplTests" name="noKeyFoundGetDefaultForString"/>
  <testcase time="0.001" classname="org.jasig.cas.client.configuration.WebXmlConfigurationStrategyImplTests" name="noKeyFoundGetDefaultForLong"/>
  <testcase time="0.001" classname="org.jasig.cas.client.configuration.WebXmlConfigurationStrategyImplTests" name="noKeyFoundGetDefaultForInt"/>
  <testcase time="0" classname="org.jasig.cas.client.configuration.WebXmlConfigurationStrategyImplTests" name="filterConfigValueForBoolean"/>
  <testcase time="0" classname="org.jasig.cas.client.configuration.WebXmlConfigurationStrategyImplTests" name="filterConfigValueForString"/>
  <testcase time="0.001" classname="org.jasig.cas.client.configuration.WebXmlConfigurationStrategyImplTests" name="filterConfigValueForLong"/>
  <testcase time="0" classname="org.jasig.cas.client.configuration.WebXmlConfigurationStrategyImplTests" name="filterConfigValueForInt"/>
  <testcase time="0" classname="org.jasig.cas.client.configuration.WebXmlConfigurationStrategyImplTests" name="servletConfigValueForBoolean"/>
  <testcase time="0" classname="org.jasig.cas.client.configuration.WebXmlConfigurationStrategyImplTests" name="servletConfigValueForString"/>
  <testcase time="0" classname="org.jasig.cas.client.configuration.WebXmlConfigurationStrategyImplTests" name="servletConfigValueForLong"/>
  <testcase time="0" classname="org.jasig.cas.client.configuration.WebXmlConfigurationStrategyImplTests" name="servletConfigValueForInt"/>
</testsuite>